Determining if the pthread_create exist failed with the following output:
Change Dir: /home/ganyi/vscodeproject/rtsp/rtsp_push/cmake-build-debug/CMakeFiles/CMakeTmp

Run Build Command:"/usr/bin/make" "cmTC_1d7bb/fast"
/usr/bin/make -f CMakeFiles/cmTC_1d7bb.dir/build.make CMakeFiles/cmTC_1d7bb.dir/build
make[1]: Entering directory '/home/ganyi/vscodeproject/rtsp/rtsp_push/cmake-build-debug/CMakeFiles/CMakeTmp'
Building C object CMakeFiles/cmTC_1d7bb.dir/CheckSymbolExists.c.o
/usr/bin/cc   -fPIC    -o CMakeFiles/cmTC_1d7bb.dir/CheckSymbolExists.c.o   -c /home/ganyi/vscodeproject/rtsp/rtsp_push/cmake-build-debug/CMakeFiles/CMakeTmp/CheckSymbolExists.c
Linking C executable cmTC_1d7bb
/home/ganyi/Downloads/clion-2018.3.4/bin/cmake/linux/bin/cmake -E cmake_link_script CMakeFiles/cmTC_1d7bb.dir/link.txt --verbose=1
/usr/bin/cc -fPIC     CMakeFiles/cmTC_1d7bb.dir/CheckSymbolExists.c.o  -o cmTC_1d7bb 
CMakeFiles/cmTC_1d7bb.dir/CheckSymbolExists.c.o: In function `main':
CheckSymbolExists.c:(.text+0x1b): undefined reference to `pthread_create'
collect2: error: ld returned 1 exit status
CMakeFiles/cmTC_1d7bb.dir/build.make:86: recipe for target 'cmTC_1d7bb' failed
make[1]: *** [cmTC_1d7bb] Error 1
make[1]: Leaving directory '/home/ganyi/vscodeproject/rtsp/rtsp_push/cmake-build-debug/CMakeFiles/CMakeTmp'
Makefile:121: recipe for target 'cmTC_1d7bb/fast' failed
make: *** [cmTC_1d7bb/fast] Error 2

File /home/ganyi/vscodeproject/rtsp/rtsp_push/cmake-build-debug/CMakeFiles/CMakeTmp/CheckSymbolExists.c:
/* */
#include <pthread.h>

int main(int argc, char** argv)
{
  (void)argv;
#ifndef pthread_create
  return ((int*)(&pthread_create))[argc];
#else
  (void)argc;
  return 0;
#endif
}

Determining if the function pthread_create exists in the pthreads failed with the following output:
Change Dir: /home/ganyi/vscodeproject/rtsp/rtsp_push/cmake-build-debug/CMakeFiles/CMakeTmp

Run Build Command:"/usr/bin/make" "cmTC_df581/fast"
/usr/bin/make -f CMakeFiles/cmTC_df581.dir/build.make CMakeFiles/cmTC_df581.dir/build
make[1]: Entering directory '/home/ganyi/vscodeproject/rtsp/rtsp_push/cmake-build-debug/CMakeFiles/CMakeTmp'
Building C object CMakeFiles/cmTC_df581.dir/CheckFunctionExists.c.o
/usr/bin/cc   -fPIC -DCHECK_FUNCTION_EXISTS=pthread_create   -o CMakeFiles/cmTC_df581.dir/CheckFunctionExists.c.o   -c /home/ganyi/Downloads/clion-2018.3.4/bin/cmake/linux/share/cmake-3.13/Modules/CheckFunctionExists.c
Linking C executable cmTC_df581
/home/ganyi/Downloads/clion-2018.3.4/bin/cmake/linux/bin/cmake -E cmake_link_script CMakeFiles/cmTC_df581.dir/link.txt --verbose=1
/usr/bin/cc -fPIC -DCHECK_FUNCTION_EXISTS=pthread_create    CMakeFiles/cmTC_df581.dir/CheckFunctionExists.c.o  -o cmTC_df581 -lpthreads 
/usr/bin/ld: cannot find -lpthreads
collect2: error: ld returned 1 exit status
CMakeFiles/cmTC_df581.dir/build.make:86: recipe for target 'cmTC_df581' failed
make[1]: *** [cmTC_df581] Error 1
make[1]: Leaving directory '/home/ganyi/vscodeproject/rtsp/rtsp_push/cmake-build-debug/CMakeFiles/CMakeTmp'
Makefile:121: recipe for target 'cmTC_df581/fast' failed
make: *** [cmTC_df581/fast] Error 2


