Determining if the pthread_create exist failed with the following output:
Change Dir: /home/ganyi/vscodeproject/rtsp/rtsp_push/cmake-build-release/CMakeFiles/CMakeTmp

Run Build Command:"/usr/bin/make" "cmTC_96d1e/fast"
/usr/bin/make -f CMakeFiles/cmTC_96d1e.dir/build.make CMakeFiles/cmTC_96d1e.dir/build
make[1]: Entering directory '/home/ganyi/vscodeproject/rtsp/rtsp_push/cmake-build-release/CMakeFiles/CMakeTmp'
Building C object CMakeFiles/cmTC_96d1e.dir/CheckSymbolExists.c.o
/usr/bin/cc   -fPIC    -o CMakeFiles/cmTC_96d1e.dir/CheckSymbolExists.c.o   -c /home/ganyi/vscodeproject/rtsp/rtsp_push/cmake-build-release/CMakeFiles/CMakeTmp/CheckSymbolExists.c
Linking C executable cmTC_96d1e
/home/ganyi/Downloads/clion-2018.3.4/bin/cmake/linux/bin/cmake -E cmake_link_script CMakeFiles/cmTC_96d1e.dir/link.txt --verbose=1
/usr/bin/cc -fPIC     CMakeFiles/cmTC_96d1e.dir/CheckSymbolExists.c.o  -o cmTC_96d1e 
CMakeFiles/cmTC_96d1e.dir/CheckSymbolExists.c.o: In function `main':
CheckSymbolExists.c:(.text+0x1b): undefined reference to `pthread_create'
collect2: error: ld returned 1 exit status
CMakeFiles/cmTC_96d1e.dir/build.make:86: recipe for target 'cmTC_96d1e' failed
make[1]: *** [cmTC_96d1e] Error 1
make[1]: Leaving directory '/home/ganyi/vscodeproject/rtsp/rtsp_push/cmake-build-release/CMakeFiles/CMakeTmp'
Makefile:121: recipe for target 'cmTC_96d1e/fast' failed
make: *** [cmTC_96d1e/fast] Error 2

File /home/ganyi/vscodeproject/rtsp/rtsp_push/cmake-build-release/CMakeFiles/CMakeTmp/CheckSymbolExists.c:
/* */
#include <pthread.h>

int main(int argc, char** argv)
{
  (void)argv;
#ifndef pthread_create
  return ((int*)(&pthread_create))[argc];
#else
  (void)argc;
  return 0;
#endif
}

Determining if the function pthread_create exists in the pthreads failed with the following output:
Change Dir: /home/ganyi/vscodeproject/rtsp/rtsp_push/cmake-build-release/CMakeFiles/CMakeTmp

Run Build Command:"/usr/bin/make" "cmTC_6aa60/fast"
/usr/bin/make -f CMakeFiles/cmTC_6aa60.dir/build.make CMakeFiles/cmTC_6aa60.dir/build
make[1]: Entering directory '/home/ganyi/vscodeproject/rtsp/rtsp_push/cmake-build-release/CMakeFiles/CMakeTmp'
Building C object CMakeFiles/cmTC_6aa60.dir/CheckFunctionExists.c.o
/usr/bin/cc   -fPIC -DCHECK_FUNCTION_EXISTS=pthread_create   -o CMakeFiles/cmTC_6aa60.dir/CheckFunctionExists.c.o   -c /home/ganyi/Downloads/clion-2018.3.4/bin/cmake/linux/share/cmake-3.13/Modules/CheckFunctionExists.c
Linking C executable cmTC_6aa60
/home/ganyi/Downloads/clion-2018.3.4/bin/cmake/linux/bin/cmake -E cmake_link_script CMakeFiles/cmTC_6aa60.dir/link.txt --verbose=1
/usr/bin/cc -fPIC -DCHECK_FUNCTION_EXISTS=pthread_create    CMakeFiles/cmTC_6aa60.dir/CheckFunctionExists.c.o  -o cmTC_6aa60 -lpthreads 
/usr/bin/ld: cannot find -lpthreads
collect2: error: ld returned 1 exit status
CMakeFiles/cmTC_6aa60.dir/build.make:86: recipe for target 'cmTC_6aa60' failed
make[1]: *** [cmTC_6aa60] Error 1
make[1]: Leaving directory '/home/ganyi/vscodeproject/rtsp/rtsp_push/cmake-build-release/CMakeFiles/CMakeTmp'
Makefile:121: recipe for target 'cmTC_6aa60/fast' failed
make: *** [cmTC_6aa60/fast] Error 2


