Determining if the pthread_create exist failed with the following output:
Change Dir: /home/ganyi/vscodeproject/rtsp/ip_cam/build_cuda10/CMakeFiles/CMakeTmp

Run Build Command(s):/usr/bin/make cmTC_61f46/fast 
/usr/bin/make -f CMakeFiles/cmTC_61f46.dir/build.make CMakeFiles/cmTC_61f46.dir/build
make[1]: Entering directory '/home/ganyi/vscodeproject/rtsp/ip_cam/build_cuda10/CMakeFiles/CMakeTmp'
Building C object CMakeFiles/cmTC_61f46.dir/CheckSymbolExists.c.o
/usr/bin/cc   -fPIC    -o CMakeFiles/cmTC_61f46.dir/CheckSymbolExists.c.o   -c /home/ganyi/vscodeproject/rtsp/ip_cam/build_cuda10/CMakeFiles/CMakeTmp/CheckSymbolExists.c
Linking C executable cmTC_61f46
/usr/local/bin/cmake -E cmake_link_script CMakeFiles/cmTC_61f46.dir/link.txt --verbose=1
/usr/bin/cc -fPIC     CMakeFiles/cmTC_61f46.dir/CheckSymbolExists.c.o  -o cmTC_61f46 
CMakeFiles/cmTC_61f46.dir/CheckSymbolExists.c.o: In function `main':
CheckSymbolExists.c:(.text+0x1b): undefined reference to `pthread_create'
collect2: error: ld returned 1 exit status
CMakeFiles/cmTC_61f46.dir/build.make:86: recipe for target 'cmTC_61f46' failed
make[1]: *** [cmTC_61f46] Error 1
make[1]: Leaving directory '/home/ganyi/vscodeproject/rtsp/ip_cam/build_cuda10/CMakeFiles/CMakeTmp'
Makefile:121: recipe for target 'cmTC_61f46/fast' failed
make: *** [cmTC_61f46/fast] Error 2

File /home/ganyi/vscodeproject/rtsp/ip_cam/build_cuda10/CMakeFiles/CMakeTmp/CheckSymbolExists.c:
/* */
#include <pthread.h>

int main(int argc, char** argv)
{
  (void)argv;
#ifndef pthread_create
  return ((int*)(&pthread_create))[argc];
#else
  (void)argc;
  return 0;
#endif
}

Determining if the function pthread_create exists in the pthreads failed with the following output:
Change Dir: /home/ganyi/vscodeproject/rtsp/ip_cam/build_cuda10/CMakeFiles/CMakeTmp

Run Build Command(s):/usr/bin/make cmTC_75e6e/fast 
/usr/bin/make -f CMakeFiles/cmTC_75e6e.dir/build.make CMakeFiles/cmTC_75e6e.dir/build
make[1]: Entering directory '/home/ganyi/vscodeproject/rtsp/ip_cam/build_cuda10/CMakeFiles/CMakeTmp'
Building C object CMakeFiles/cmTC_75e6e.dir/CheckFunctionExists.c.o
/usr/bin/cc   -fPIC -DCHECK_FUNCTION_EXISTS=pthread_create   -o CMakeFiles/cmTC_75e6e.dir/CheckFunctionExists.c.o   -c /usr/local/share/cmake-3.14/Modules/CheckFunctionExists.c
Linking C executable cmTC_75e6e
/usr/local/bin/cmake -E cmake_link_script CMakeFiles/cmTC_75e6e.dir/link.txt --verbose=1
/usr/bin/cc -fPIC -DCHECK_FUNCTION_EXISTS=pthread_create    CMakeFiles/cmTC_75e6e.dir/CheckFunctionExists.c.o  -o cmTC_75e6e -lpthreads 
/usr/bin/ld: cannot find -lpthreads
collect2: error: ld returned 1 exit status
CMakeFiles/cmTC_75e6e.dir/build.make:86: recipe for target 'cmTC_75e6e' failed
make[1]: *** [cmTC_75e6e] Error 1
make[1]: Leaving directory '/home/ganyi/vscodeproject/rtsp/ip_cam/build_cuda10/CMakeFiles/CMakeTmp'
Makefile:121: recipe for target 'cmTC_75e6e/fast' failed
make: *** [cmTC_75e6e/fast] Error 2


