Determining if the pthread_create exist failed with the following output:
Change Dir: /home/ganyi/vscodeproject/rtsp/rtsp_push/build/CMakeFiles/CMakeTmp

Run Build Command(s):/usr/bin/make cmTC_c5243/fast 
/usr/bin/make -f CMakeFiles/cmTC_c5243.dir/build.make CMakeFiles/cmTC_c5243.dir/build
make[1]: Entering directory '/home/ganyi/vscodeproject/rtsp/rtsp_push/build/CMakeFiles/CMakeTmp'
Building C object CMakeFiles/cmTC_c5243.dir/CheckSymbolExists.c.o
/usr/bin/cc   -fPIC    -o CMakeFiles/cmTC_c5243.dir/CheckSymbolExists.c.o   -c /home/ganyi/vscodeproject/rtsp/rtsp_push/build/CMakeFiles/CMakeTmp/CheckSymbolExists.c
Linking C executable cmTC_c5243
/usr/local/bin/cmake -E cmake_link_script CMakeFiles/cmTC_c5243.dir/link.txt --verbose=1
/usr/bin/cc -fPIC     CMakeFiles/cmTC_c5243.dir/CheckSymbolExists.c.o  -o cmTC_c5243 
CMakeFiles/cmTC_c5243.dir/CheckSymbolExists.c.o: In function `main':
CheckSymbolExists.c:(.text+0x1b): undefined reference to `pthread_create'
collect2: error: ld returned 1 exit status
CMakeFiles/cmTC_c5243.dir/build.make:86: recipe for target 'cmTC_c5243' failed
make[1]: *** [cmTC_c5243] Error 1
make[1]: Leaving directory '/home/ganyi/vscodeproject/rtsp/rtsp_push/build/CMakeFiles/CMakeTmp'
Makefile:121: recipe for target 'cmTC_c5243/fast' failed
make: *** [cmTC_c5243/fast] Error 2

File /home/ganyi/vscodeproject/rtsp/rtsp_push/build/CMakeFiles/CMakeTmp/CheckSymbolExists.c:
/* */
#include <pthread.h>

int main(int argc, char** argv)
{
  (void)argv;
#ifndef pthread_create
  return ((int*)(&pthread_create))[argc];
#else
  (void)argc;
  return 0;
#endif
}

Determining if the function pthread_create exists in the pthreads failed with the following output:
Change Dir: /home/ganyi/vscodeproject/rtsp/rtsp_push/build/CMakeFiles/CMakeTmp

Run Build Command(s):/usr/bin/make cmTC_1c00f/fast 
/usr/bin/make -f CMakeFiles/cmTC_1c00f.dir/build.make CMakeFiles/cmTC_1c00f.dir/build
make[1]: Entering directory '/home/ganyi/vscodeproject/rtsp/rtsp_push/build/CMakeFiles/CMakeTmp'
Building C object CMakeFiles/cmTC_1c00f.dir/CheckFunctionExists.c.o
/usr/bin/cc   -fPIC -DCHECK_FUNCTION_EXISTS=pthread_create   -o CMakeFiles/cmTC_1c00f.dir/CheckFunctionExists.c.o   -c /usr/local/share/cmake-3.14/Modules/CheckFunctionExists.c
Linking C executable cmTC_1c00f
/usr/local/bin/cmake -E cmake_link_script CMakeFiles/cmTC_1c00f.dir/link.txt --verbose=1
/usr/bin/cc -fPIC -DCHECK_FUNCTION_EXISTS=pthread_create    CMakeFiles/cmTC_1c00f.dir/CheckFunctionExists.c.o  -o cmTC_1c00f -lpthreads 
/usr/bin/ld: cannot find -lpthreads
collect2: error: ld returned 1 exit status
CMakeFiles/cmTC_1c00f.dir/build.make:86: recipe for target 'cmTC_1c00f' failed
make[1]: *** [cmTC_1c00f] Error 1
make[1]: Leaving directory '/home/ganyi/vscodeproject/rtsp/rtsp_push/build/CMakeFiles/CMakeTmp'
Makefile:121: recipe for target 'cmTC_1c00f/fast' failed
make: *** [cmTC_1c00f/fast] Error 2


